<?xml version="1.0" encoding="UTF-8" standalone="yes"?>
<!DOCTYPE report PUBLIC "-//JACOCO//DTD Report 1.1//EN" "report.dtd">
<report name="Multi-Module E-Commerce Application">
	<sessioninfo id="jenkins-build-1234" start="1705328422000" dump="1705328500000"/>
	<sessioninfo id="jenkins-build-1235" start="1705328510000" dump="1705328580000"/>

	<group name="Core Services">
		<group name="User Service">
			<package name="com/example/ecommerce/user/model">
				<class name="com/example/ecommerce/user/model/User" sourcefilename="User.java">
					<method name="&lt;init&gt;" desc="()V" line="15">
						<counter type="INSTRUCTION" missed="0" covered="5"/>
						<counter type="LINE" missed="0" covered="1"/>
						<counter type="COMPLEXITY" missed="0" covered="1"/>
						<counter type="METHOD" missed="0" covered="1"/>
					</method>
					<method name="getId" desc="()Ljava/lang/Long;" line="20">
						<counter type="INSTRUCTION" missed="0" covered="5"/>
						<counter type="LINE" missed="0" covered="1"/>
						<counter type="COMPLEXITY" missed="0" covered="1"/>
						<counter type="METHOD" missed="0" covered="1"/>
					</method>
					<method name="setEmail" desc="(Ljava/lang/String;)V" line="28">
						<counter type="INSTRUCTION" missed="0" covered="15"/>
						<counter type="BRANCH" missed="1" covered="3"/>
						<counter type="LINE" missed="1" covered="4"/>
						<counter type="COMPLEXITY" missed="1" covered="3"/>
						<counter type="METHOD" missed="0" covered="1"/>
					</method>
					<counter type="INSTRUCTION" missed="0" covered="25"/>
					<counter type="BRANCH" missed="1" covered="3"/>
					<counter type="LINE" missed="1" covered="6"/>
					<counter type="COMPLEXITY" missed="1" covered="5"/>
					<counter type="METHOD" missed="0" covered="3"/>
					<counter type="CLASS" missed="0" covered="1"/>
				</class>
				<class name="com/example/ecommerce/user/model/Address" sourcefilename="Address.java">
					<method name="&lt;init&gt;" desc="()V" line="10">
						<counter type="INSTRUCTION" missed="0" covered="3"/>
						<counter type="LINE" missed="0" covered="1"/>
						<counter type="COMPLEXITY" missed="0" covered="1"/>
						<counter type="METHOD" missed="0" covered="1"/>
					</method>
					<method name="validate" desc="()Z" line="25">
						<counter type="INSTRUCTION" missed="0" covered="42"/>
						<counter type="BRANCH" missed="2" covered="8"/>
						<counter type="LINE" missed="2" covered="10"/>
						<counter type="COMPLEXITY" missed="2" covered="8"/>
						<counter type="METHOD" missed="0" covered="1"/>
					</method>
					<counter type="INSTRUCTION" missed="0" covered="45"/>
					<counter type="BRANCH" missed="2" covered="8"/>
					<counter type="LINE" missed="2" covered="11"/>
					<counter type="COMPLEXITY" missed="2" covered="9"/>
					<counter type="METHOD" missed="0" covered="2"/>
					<counter type="CLASS" missed="0" covered="1"/>
				</class>
				<sourcefile name="User.java">
					<line nr="15" mi="0" ci="5" mb="0" cb="0"/>
					<line nr="20" mi="0" ci="5" mb="0" cb="0"/>
					<line nr="28" mi="0" ci="3" mb="0" cb="2"/>
					<line nr="29" mi="0" ci="4" mb="1" cb="1"/>
					<line nr="30" mi="1" ci="0" mb="0" cb="0"/>
					<line nr="31" mi="0" ci="8" mb="0" cb="0"/>
					<counter type="INSTRUCTION" missed="1" covered="25"/>
					<counter type="BRANCH" missed="1" covered="3"/>
					<counter type="LINE" missed="1" covered="5"/>
				</sourcefile>
				<sourcefile name="Address.java">
					<line nr="10" mi="0" ci="3" mb="0" cb="0"/>
					<line nr="25" mi="0" ci="5" mb="0" cb="2"/>
					<line nr="26" mi="0" ci="6" mb="1" cb="1"/>
					<line nr="27" mi="0" ci="5" mb="0" cb="2"/>
					<line nr="28" mi="0" ci="6" mb="1" cb="1"/>
					<line nr="29" mi="0" ci="5" mb="0" cb="2"/>
					<line nr="30" mi="2" ci="0" mb="0" cb="0"/>
					<line nr="31" mi="0" ci="15" mb="0" cb="0"/>
					<line nr="35" mi="2" ci="0" mb="0" cb="0"/>
					<counter type="INSTRUCTION" missed="4" covered="45"/>
					<counter type="BRANCH" missed="2" covered="8"/>
					<counter type="LINE" missed="2" covered="7"/>
				</sourcefile>
				<counter type="INSTRUCTION" missed="5" covered="70"/>
				<counter type="BRANCH" missed="3" covered="11"/>
				<counter type="LINE" missed="3" covered="12"/>
				<counter type="COMPLEXITY" missed="3" covered="14"/>
				<counter type="METHOD" missed="0" covered="5"/>
				<counter type="CLASS" missed="0" covered="2"/>
			</package>

			<package name="com/example/ecommerce/user/service">
				<class name="com/example/ecommerce/user/service/UserService" sourcefilename="UserService.java">
					<method name="&lt;init&gt;" desc="()V" line="18">
						<counter type="INSTRUCTION" missed="0" covered="5"/>
						<counter type="LINE" missed="0" covered="1"/>
						<counter type="COMPLEXITY" missed="0" covered="1"/>
						<counter type="METHOD" missed="0" covered="1"/>
					</method>
					<method name="createUser" desc="(Lcom/example/ecommerce/user/model/User;)Lcom/example/ecommerce/user/model/User;" line="35">
						<counter type="INSTRUCTION" missed="0" covered="28"/>
						<counter type="BRANCH" missed="0" covered="4"/>
						<counter type="LINE" missed="0" covered="8"/>
						<counter type="COMPLEXITY" missed="0" covered="4"/>
						<counter type="METHOD" missed="0" covered="1"/>
					</method>
					<method name="findUserById" desc="(Ljava/lang/Long;)Ljava/util/Optional;" line="50">
						<counter type="INSTRUCTION" missed="10" covered="5"/>
						<counter type="BRANCH" missed="2" covered="0"/>
						<counter type="LINE" missed="3" covered="1"/>
						<counter type="COMPLEXITY" missed="2" covered="1"/>
						<counter type="METHOD" missed="1" covered="0"/>
					</method>
					<method name="deleteUser" desc="(Ljava/lang/Long;)V" line="70">
						<counter type="INSTRUCTION" missed="15" covered="0"/>
						<counter type="BRANCH" missed="2" covered="0"/>
						<counter type="LINE" missed="4" covered="0"/>
						<counter type="COMPLEXITY" missed="2" covered="0"/>
						<counter type="METHOD" missed="1" covered="0"/>
					</method>
					<counter type="INSTRUCTION" missed="25" covered="38"/>
					<counter type="BRANCH" missed="4" covered="4"/>
					<counter type="LINE" missed="7" covered="10"/>
					<counter type="COMPLEXITY" missed="4" covered="6"/>
					<counter type="METHOD" missed="2" covered="2"/>
					<counter type="CLASS" missed="0" covered="1"/>
				</class>
				<counter type="INSTRUCTION" missed="25" covered="38"/>
				<counter type="BRANCH" missed="4" covered="4"/>
				<counter type="LINE" missed="7" covered="10"/>
				<counter type="COMPLEXITY" missed="4" covered="6"/>
				<counter type="METHOD" missed="2" covered="2"/>
				<counter type="CLASS" missed="0" covered="1"/>
			</package>

			<counter type="INSTRUCTION" missed="30" covered="108"/>
			<counter type="BRANCH" missed="7" covered="15"/>
			<counter type="LINE" missed="10" covered="22"/>
			<counter type="COMPLEXITY" missed="7" covered="20"/>
			<counter type="METHOD" missed="2" covered="7"/>
			<counter type="CLASS" missed="0" covered="3"/>
		</group>

		<group name="Order Service">
			<package name="com/example/ecommerce/order">
				<class name="com/example/ecommerce/order/Order" sourcefilename="Order.java">
					<method name="&lt;init&gt;" desc="()V" line="12">
						<counter type="INSTRUCTION" missed="0" covered="8"/>
						<counter type="LINE" missed="0" covered="2"/>
						<counter type="COMPLEXITY" missed="0" covered="1"/>
						<counter type="METHOD" missed="0" covered="1"/>
					</method>
					<method name="calculateTotal" desc="()Ljava/math/BigDecimal;" line="30">
						<counter type="INSTRUCTION" missed="0" covered="35"/>
						<counter type="BRANCH" missed="1" covered="5"/>
						<counter type="LINE" missed="1" covered="9"/>
						<counter type="COMPLEXITY" missed="1" covered="5"/>
						<counter type="METHOD" missed="0" covered="1"/>
					</method>
					<counter type="INSTRUCTION" missed="0" covered="43"/>
					<counter type="BRANCH" missed="1" covered="5"/>
					<counter type="LINE" missed="1" covered="11"/>
					<counter type="COMPLEXITY" missed="1" covered="6"/>
					<counter type="METHOD" missed="0" covered="2"/>
					<counter type="CLASS" missed="0" covered="1"/>
				</class>
				<class name="com/example/ecommerce/order/OrderService" sourcefilename="OrderService.java">
					<method name="processOrder" desc="(Lcom/example/ecommerce/order/Order;)Z" line="45">
						<counter type="INSTRUCTION" missed="0" covered="52"/>
						<counter type="BRANCH" missed="2" covered="8"/>
						<counter type="LINE" missed="2" covered="12"/>
						<counter type="COMPLEXITY" missed="2" covered="8"/>
						<counter type="METHOD" missed="0" covered="1"/>
					</method>
					<counter type="INSTRUCTION" missed="0" covered="52"/>
					<counter type="BRANCH" missed="2" covered="8"/>
					<counter type="LINE" missed="2" covered="12"/>
					<counter type="COMPLEXITY" missed="2" covered="8"/>
					<counter type="METHOD" missed="0" covered="1"/>
					<counter type="CLASS" missed="0" covered="1"/>
				</class>
				<counter type="INSTRUCTION" missed="0" covered="95"/>
				<counter type="BRANCH" missed="3" covered="13"/>
				<counter type="LINE" missed="3" covered="23"/>
				<counter type="COMPLEXITY" missed="3" covered="14"/>
				<counter type="METHOD" missed="0" covered="3"/>
				<counter type="CLASS" missed="0" covered="2"/>
			</package>
			<counter type="INSTRUCTION" missed="0" covered="95"/>
			<counter type="BRANCH" missed="3" covered="13"/>
			<counter type="LINE" missed="3" covered="23"/>
			<counter type="COMPLEXITY" missed="3" covered="14"/>
			<counter type="METHOD" missed="0" covered="3"/>
			<counter type="CLASS" missed="0" covered="2"/>
		</group>

		<counter type="INSTRUCTION" missed="30" covered="203"/>
		<counter type="BRANCH" missed="10" covered="28"/>
		<counter type="LINE" missed="13" covered="45"/>
		<counter type="COMPLEXITY" missed="10" covered="34"/>
		<counter type="METHOD" missed="2" covered="10"/>
		<counter type="CLASS" missed="0" covered="5"/>
	</group>

	<group name="Infrastructure">
		<package name="com/example/ecommerce/util">
			<class name="com/example/ecommerce/util/StringUtils" sourcefilename="StringUtils.java">
				<method name="isEmpty" desc="(Ljava/lang/String;)Z" line="8">
					<counter type="INSTRUCTION" missed="0" covered="8"/>
					<counter type="BRANCH" missed="0" covered="2"/>
					<counter type="LINE" missed="0" covered="1"/>
					<counter type="COMPLEXITY" missed="0" covered="2"/>
					<counter type="METHOD" missed="0" covered="1"/>
				</method>
				<method name="sanitize" desc="(Ljava/lang/String;)Ljava/lang/String;" line="15">
					<counter type="INSTRUCTION" missed="20" covered="0"/>
					<counter type="BRANCH" missed="4" covered="0"/>
					<counter type="LINE" missed="5" covered="0"/>
					<counter type="COMPLEXITY" missed="4" covered="0"/>
					<counter type="METHOD" missed="1" covered="0"/>
				</method>
				<counter type="INSTRUCTION" missed="20" covered="8"/>
				<counter type="BRANCH" missed="4" covered="2"/>
				<counter type="LINE" missed="5" covered="1"/>
				<counter type="COMPLEXITY" missed="4" covered="2"/>
				<counter type="METHOD" missed="1" covered="1"/>
				<counter type="CLASS" missed="0" covered="1"/>
			</class>
			<counter type="INSTRUCTION" missed="20" covered="8"/>
			<counter type="BRANCH" missed="4" covered="2"/>
			<counter type="LINE" missed="5" covered="1"/>
			<counter type="COMPLEXITY" missed="4" covered="2"/>
			<counter type="METHOD" missed="1" covered="1"/>
			<counter type="CLASS" missed="0" covered="1"/>
		</package>
		<counter type="INSTRUCTION" missed="20" covered="8"/>
		<counter type="BRANCH" missed="4" covered="2"/>
		<counter type="LINE" missed="5" covered="1"/>
		<counter type="COMPLEXITY" missed="4" covered="2"/>
		<counter type="METHOD" missed="1" covered="1"/>
		<counter type="CLASS" missed="0" covered="1"/>
	</group>

	<counter type="INSTRUCTION" missed="50" covered="211"/>
	<counter type="BRANCH" missed="14" covered="30"/>
	<counter type="LINE" missed="18" covered="46"/>
	<counter type="COMPLEXITY" missed="14" covered="36"/>
	<counter type="METHOD" missed="3" covered="11"/>
	<counter type="CLASS" missed="0" covered="6"/>
</report>
