<?xml version="1.0" encoding="UTF-8" standalone="yes"?>
<!DOCTYPE report PUBLIC "-//JACOCO//DTD Report 1.1//EN" "report.dtd">
<report name="Classes Without Methods Test">
	<sessioninfo id="class-no-methods-test" start="1705328422000" dump="1705328425000"/>
	<package name="com/example/empty">
		<class name="com/example/empty/EmptyClass">
			<counter type="INSTRUCTION" missed="0" covered="0"/>
			<counter type="LINE" missed="0" covered="0"/>
			<counter type="METHOD" missed="0" covered="0"/>
			<counter type="CLASS" missed="1" covered="0"/>
		</class>
		<class name="com/example/empty/InterfaceClass">
			<counter type="CLASS" missed="0" covered="1"/>
		</class>
		<class name="com/example/empty/AnnotationClass">
			<counter type="INSTRUCTION" missed="0" covered="3"/>
			<counter type="CLASS" missed="0" covered="1"/>
		</class>
		<counter type="INSTRUCTION" missed="0" covered="3"/>
		<counter type="LINE" missed="0" covered="0"/>
		<counter type="METHOD" missed="0" covered="0"/>
		<counter type="CLASS" missed="1" covered="2"/>
	</package>
	<counter type="INSTRUCTION" missed="0" covered="3"/>
	<counter type="LINE" missed="0" covered="0"/>
	<counter type="METHOD" missed="0" covered="0"/>
	<counter type="CLASS" missed="1" covered="2"/>
</report>
