<?xml version="1.0" encoding="UTF-8" standalone="yes"?>
<!DOCTYPE report PUBLIC "-//JACOCO//DTD Report 1.1//EN" "report.dtd">
<report name="Unicode Test Coverage Résumé">
	<sessioninfo id="test-session-中文" start="1705328422000" dump="1705328425000"/>
	<package name="com/example/测试/パッケージ">
		<class name="com/example/测试/パッケージ/Übungsklasse" sourcefilename="Übungsklasse.java">
			<method name="processÜmlaut" desc="(Ljava/lang/String;)Ljava/lang/String;" line="10">
				<counter type="INSTRUCTION" missed="0" covered="10"/>
				<counter type="BRANCH" missed="0" covered="2"/>
				<counter type="LINE" missed="0" covered="3"/>
				<counter type="COMPLEXITY" missed="0" covered="2"/>
				<counter type="METHOD" missed="0" covered="1"/>
			</method>
			<counter type="INSTRUCTION" missed="0" covered="10"/>
			<counter type="BRANCH" missed="0" covered="2"/>
			<counter type="LINE" missed="0" covered="3"/>
			<counter type="COMPLEXITY" missed="0" covered="2"/>
			<counter type="METHOD" missed="0" covered="1"/>
			<counter type="CLASS" missed="0" covered="1"/>
		</class>
		<counter type="INSTRUCTION" missed="0" covered="10"/>
		<counter type="BRANCH" missed="0" covered="2"/>
		<counter type="LINE" missed="0" covered="3"/>
		<counter type="COMPLEXITY" missed="0" covered="2"/>
		<counter type="METHOD" missed="0" covered="1"/>
		<counter type="CLASS" missed="0" covered="1"/>
	</package>
	<counter type="INSTRUCTION" missed="0" covered="10"/>
	<counter type="BRANCH" missed="0" covered="2"/>
	<counter type="LINE" missed="0" covered="3"/>
	<counter type="COMPLEXITY" missed="0" covered="2"/>
	<counter type="METHOD" missed="0" covered="1"/>
	<counter type="CLASS" missed="0" covered="1"/>
</report>
