<?xml version="1.0" encoding="UTF-8" standalone="yes"?>
<!DOCTYPE report PUBLIC "-//JACOCO//DTD Report 1.1//EN" "report.dtd">
<report name="Simple Calculator Coverage">
	<sessioninfo id="localhost-20240115-143022" start="1705328422000" dump="1705328425000"/>
	<package name="com/example/calculator">
		<class name="com/example/calculator/Calculator" sourcefilename="Calculator.java">
			<method name="&lt;init&gt;" desc="()V" line="5">
				<counter type="INSTRUCTION" missed="0" covered="3"/>
				<counter type="LINE" missed="0" covered="1"/>
				<counter type="COMPLEXITY" missed="0" covered="1"/>
				<counter type="METHOD" missed="0" covered="1"/>
			</method>
			<method name="add" desc="(II)I" line="10">
				<counter type="INSTRUCTION" missed="0" covered="4"/>
				<counter type="BRANCH" missed="0" covered="0"/>
				<counter type="LINE" missed="0" covered="1"/>
				<counter type="COMPLEXITY" missed="0" covered="1"/>
				<counter type="METHOD" missed="0" covered="1"/>
			</method>
			<method name="subtract" desc="(II)I" line="14">
				<counter type="INSTRUCTION" missed="0" covered="4"/>
				<counter type="BRANCH" missed="0" covered="0"/>
				<counter type="LINE" missed="0" covered="1"/>
				<counter type="COMPLEXITY" missed="0" covered="1"/>
				<counter type="METHOD" missed="0" covered="1"/>
			</method>
			<method name="multiply" desc="(II)I" line="18">
				<counter type="INSTRUCTION" missed="4" covered="0"/>
				<counter type="BRANCH" missed="0" covered="0"/>
				<counter type="LINE" missed="1" covered="0"/>
				<counter type="COMPLEXITY" missed="1" covered="0"/>
				<counter type="METHOD" missed="1" covered="0"/>
			</method>
			<method name="divide" desc="(II)D" line="22">
				<counter type="INSTRUCTION" missed="0" covered="8"/>
				<counter type="BRANCH" missed="1" covered="1"/>
				<counter type="LINE" missed="1" covered="2"/>
				<counter type="COMPLEXITY" missed="1" covered="1"/>
				<counter type="METHOD" missed="0" covered="1"/>
			</method>
			<counter type="INSTRUCTION" missed="4" covered="19"/>
			<counter type="BRANCH" missed="1" covered="1"/>
			<counter type="LINE" missed="2" covered="5"/>
			<counter type="COMPLEXITY" missed="2" covered="4"/>
			<counter type="METHOD" missed="1" covered="4"/>
			<counter type="CLASS" missed="0" covered="1"/>
		</class>
		<sourcefile name="Calculator.java">
			<line nr="5" mi="0" ci="3" mb="0" cb="0"/>
			<line nr="10" mi="0" ci="4" mb="0" cb="0"/>
			<line nr="14" mi="0" ci="4" mb="0" cb="0"/>
			<line nr="18" mi="4" ci="0" mb="0" cb="0"/>
			<line nr="22" mi="0" ci="2" mb="0" cb="0"/>
			<line nr="23" mi="0" ci="3" mb="1" cb="1"/>
			<line nr="25" mi="1" ci="0" mb="0" cb="0"/>
			<line nr="26" mi="0" ci="3" mb="0" cb="0"/>
			<counter type="INSTRUCTION" missed="5" covered="19"/>
			<counter type="BRANCH" missed="1" covered="1"/>
			<counter type="LINE" missed="2" covered="6"/>
			<counter type="COMPLEXITY" missed="2" covered="4"/>
			<counter type="METHOD" missed="1" covered="4"/>
			<counter type="CLASS" missed="0" covered="1"/>
		</sourcefile>
		<counter type="INSTRUCTION" missed="5" covered="19"/>
		<counter type="BRANCH" missed="1" covered="1"/>
		<counter type="LINE" missed="2" covered="6"/>
		<counter type="COMPLEXITY" missed="2" covered="4"/>
		<counter type="METHOD" missed="1" covered="4"/>
		<counter type="CLASS" missed="0" covered="1"/>
	</package>
	<counter type="INSTRUCTION" missed="5" covered="19"/>
	<counter type="BRANCH" missed="1" covered="1"/>
	<counter type="LINE" missed="2" covered="6"/>
	<counter type="COMPLEXITY" missed="2" covered="4"/>
	<counter type="METHOD" missed="1" covered="4"/>
	<counter type="CLASS" missed="0" covered="1"/>
</report>
