<?xml version="1.0" encoding="UTF-8"?>
<testsuite version="3.0.2" name="com.example.BasicTest" time="0.245" tests="3" errors="0" skipped="0" failures="0">
  <properties>
    <property name="java.version" value="11.0.1"/>
    <property name="os.name" value="Linux"/>
  </properties>
  <testcase name="testSuccess1" classname="com.example.BasicTest" time="0.082"/>
  <testcase name="testSuccess2" classname="com.example.BasicTest" time="0.081"/>
  <testcase name="testSuccess3" classname="com.example.BasicTest" time="0.082"/>
</testsuite>
